============================= test session starts ==============================
collecting ... collected 20 items

pytest_spmatrix_pub.py::test_spmatrix_create_with_zero_as_default PASSED [  5%]
pytest_spmatrix_pub.py::test_spmatrix_create_with_zero_as_1_0 PASSED     [ 10%]
pytest_spmatrix_pub.py::test_spmatrix_is_of_empty_matrix PASSED          [ 15%]
pytest_spmatrix_pub.py::test_spmatrix_is_of_non_matrix_float_1 PASSED    [ 20%]
pytest_spmatrix_pub.py::test_spmatrix_get_of_empty_matrix_with_zero_as_default PASSED [ 25%]
pytest_spmatrix_pub.py::test_spmatrix_get_of_empty_matrix_with_zero_as_2 FAILED [ 30%]
pytest_spmatrix_pub.py::test_spmatrix_copy_of_empty_matrix_with_zero_as_2 FAILED [ 35%]
pytest_spmatrix_pub.py::test_spmatrix_is_after_spmatrix_copy_after_spmatrix_create PASSED [ 40%]
pytest_spmatrix_pub.py::test_spmatrix_value_set_and_spmatrix_value_get PASSED [ 45%]
pytest_spmatrix_pub.py::test_spmatrix_value_get_after_replacing_value_with_spmatrix_value_get PASSED [ 50%]
pytest_spmatrix_pub.py::test_spmatrix_dim_of_empty_matrix PASSED         [ 55%]
pytest_spmatrix_pub.py::test_spmatrix_dim_of_matrix_with_one_element FAILED [ 60%]
pytest_spmatrix_pub.py::test_spmatrix_sparsity_of_m2x2_diagonal_matrix PASSED [ 65%]
pytest_spmatrix_pub.py::test_spmatrix_sparsity_of_matrix_with_1_element_after_element_removal_using_spmatrix_zero_set PASSED [ 70%]
pytest_spmatrix_pub.py::test_spmatrix_row_m2x2_diagonal PASSED           [ 75%]
pytest_spmatrix_pub.py::test_spmatrix_col_m2x2_diagonal PASSED           [ 80%]
pytest_spmatrix_pub.py::test_spmatrix_diagonal_m2x2_diagonal_zero PASSED [ 85%]
pytest_spmatrix_pub.py::test_spmatrix_diagonal_m2x2_anti_diagonal_zero PASSED [ 90%]
pytest_spmatrix_pub.py::test_spmatrix_15 PASSED                          [ 95%]
pytest_spmatrix_pub.py::test_spmatrix_19 PASSED                          [100%]

============================== slowest durations ===============================

(60 durations < 1s hidden.  Use -vv to show these durations.)
========================= 3 failed, 17 passed in 0.01s =========================
