============================= test session starts ==============================
collecting ... collected 23 items

pytest_position_priv.py::test_position_01_position_create PASSED         [  4%]
pytest_position_priv.py::test_position_02_position_create PASSED         [  8%]
pytest_position_priv.py::test_position_03_position_is PASSED             [ 13%]
pytest_position_priv.py::test_position_04_position_is PASSED             [ 17%]
pytest_position_priv.py::test_position_05_position_is PASSED             [ 21%]
pytest_position_priv.py::test_position_06_position_row PASSED            [ 26%]
pytest_position_priv.py::test_position_07_position_row PASSED            [ 30%]
pytest_position_priv.py::test_position_08_position_row PASSED            [ 34%]
pytest_position_priv.py::test_position_09_position_col PASSED            [ 39%]
pytest_position_priv.py::test_position_10_position_col PASSED            [ 43%]
pytest_position_priv.py::test_position_11_position_col PASSED            [ 47%]
pytest_position_priv.py::test_position_12_position_equal PASSED          [ 52%]
pytest_position_priv.py::test_position_13_position_equal PASSED          [ 56%]
pytest_position_priv.py::test_position_14_position_equal PASSED          [ 60%]
pytest_position_priv.py::test_position_15_position_equal PASSED          [ 65%]
pytest_position_priv.py::test_position_16_position_equal PASSED          [ 69%]
pytest_position_priv.py::test_position_17_position_equal PASSED          [ 73%]
pytest_position_priv.py::test_position_18_position_equal PASSED          [ 78%]
pytest_position_priv.py::test_position_19_position_equal PASSED          [ 82%]
pytest_position_priv.py::test_position_20_position_str PASSED            [ 86%]
pytest_position_priv.py::test_position_21_position_str PASSED            [ 91%]
pytest_position_priv.py::test_position_22_position_str PASSED            [ 95%]
pytest_position_priv.py::test_position_23_position_str PASSED            [100%]

============================== slowest durations ===============================

(69 durations < 1s hidden.  Use -vv to show these durations.)
============================== 23 passed in 0.01s ==============================
