============================= test session starts ==============================
collecting ... collected 22 items

pytest_spmatrix_pub.py::test_spmatrix_create_with_zero_as_default PASSED [  4%]
pytest_spmatrix_pub.py::test_spmatrix_create_with_zero_as_1_0 PASSED     [  9%]
pytest_spmatrix_pub.py::test_spmatrix_is_of_empty_matrix PASSED          [ 13%]
pytest_spmatrix_pub.py::test_spmatrix_is_of_non_matrix_float_1 PASSED    [ 18%]
pytest_spmatrix_pub.py::test_spmatrix_get_of_empty_matrix_with_zero_as_default PASSED [ 22%]
pytest_spmatrix_pub.py::test_spmatrix_get_of_empty_matrix_with_zero_as_2 FAILED [ 27%]
pytest_spmatrix_pub.py::test_spmatrix_copy_of_empty_matrix_with_zero_as_2 FAILED [ 31%]
pytest_spmatrix_pub.py::test_spmatrix_is_after_spmatrix_copy_after_spmatrix_create PASSED [ 36%]
pytest_spmatrix_pub.py::test_spmatrix_value_set_and_spmatrix_value_get PASSED [ 40%]
pytest_spmatrix_pub.py::test_spmatrix_value_get_after_replacing_value_with_spmatrix_value_get PASSED [ 45%]
pytest_spmatrix_pub.py::test_spmatrix_dim_of_empty_matrix PASSED         [ 50%]
pytest_spmatrix_pub.py::test_spmatrix_dim_of_matrix_with_one_element FAILED [ 54%]
pytest_spmatrix_pub.py::test_spmatrix_sparsity_of_m2x2_diagonal_matrix PASSED [ 59%]
pytest_spmatrix_pub.py::test_spmatrix_sparsity_of_matrix_with_1_element_after_element_removal_using_spmatrix_zero_set PASSED [ 63%]
pytest_spmatrix_pub.py::test_spmatrix_str_of_m2x2_diagonal PASSED        [ 68%]
pytest_spmatrix_pub.py::test_spmatrix_row_m2x2_diagonal PASSED           [ 72%]
pytest_spmatrix_pub.py::test_spmatrix_col_m2x2_diagonal PASSED           [ 77%]
pytest_spmatrix_pub.py::test_spmatrix_diagonal_m2x2_diagonal_zero PASSED [ 81%]
pytest_spmatrix_pub.py::test_spmatrix_diagonal_m2x2_anti_diagonal_zero PASSED [ 86%]
pytest_spmatrix_pub.py::test_spmatrix_15 PASSED                          [ 90%]
pytest_spmatrix_pub.py::test_spmatrix_19 PASSED                          [ 95%]
pytest_spmatrix_pub.py::test_spmatrix_34 PASSED                          [100%]

=================================== FAILURES ===================================
/home/dtsd/DTSD/dIoTspmatrix_52755/spmatrix.py:10: ValueError: spmatrix_create: invalid arguments
/home/dtsd/DTSD/dIoTspmatrix_52755/spmatrix.py:10: ValueError: spmatrix_create: invalid arguments
/home/dtsd/DTSD/dIoTspmatrix_52755/spmatrix.py:58: ValueError: spmatrix_value_set: invalid arguments
============================== slowest durations ===============================

(66 durations < 1s hidden.  Use -vv to show these durations.)
========================= 3 failed, 19 passed in 0.01s =========================
